c:\users\jamie haddow\documents\visual studio 2017\projects\cmpgameweek8\cmp105app\x64\release\vc141.pdb
c:\users\jamie haddow\documents\visual studio 2017\projects\cmpgameweek8\cmp105app\x64\release\player.obj
c:\users\jamie haddow\documents\visual studio 2017\projects\cmpgameweek8\cmp105app\x64\release\paddle.obj
c:\users\jamie haddow\documents\visual studio 2017\projects\cmpgameweek8\cmp105app\x64\release\main.obj
c:\users\jamie haddow\documents\visual studio 2017\projects\cmpgameweek8\cmp105app\x64\release\level.obj
c:\users\jamie haddow\documents\visual studio 2017\projects\cmpgameweek8\cmp105app\x64\release\vector.obj
c:\users\jamie haddow\documents\visual studio 2017\projects\cmpgameweek8\cmp105app\x64\release\gameobject.obj
c:\users\jamie haddow\documents\visual studio 2017\projects\cmpgameweek8\cmp105app\x64\release\input.obj
c:\users\jamie haddow\documents\visual studio 2017\projects\cmpgameweek8\cmp105app\x64\release\collision.obj
c:\users\jamie haddow\documents\visual studio 2017\projects\cmpgameweek8\cmp105app\x64\release\animation.obj
c:\users\jamie haddow\documents\visual studio 2017\projects\cmpgameweek8\cmp105app\x64\release\ball.obj
c:\users\jamie haddow\documents\visual studio 2017\projects\cmpgameweek8\cmp105app\x64\release\bullet.obj
c:\users\jamie haddow\documents\visual studio 2017\projects\cmpgameweek8\cmp105app\x64\release\asteroidmanager.obj
c:\users\jamie haddow\documents\visual studio 2017\projects\cmpgameweek8\cmp105app\x64\release\asteroid.obj
c:\users\jamie haddow\documents\visual studio 2017\projects\cmpgameweek8\cmp105app\x64\release\wallmanager.obj
c:\users\jamie haddow\documents\visual studio 2017\projects\cmpgameweek8\cmp105app\x64\release\wall.obj
c:\users\jamie haddow\documents\visual studio 2017\projects\cmpgameweek8\cmp105app\x64\release\enemymanager.obj
c:\users\jamie haddow\documents\visual studio 2017\projects\cmpgameweek8\cmp105app\x64\release\enemy.obj
c:\users\jamie haddow\documents\visual studio 2017\projects\cmpgameweek8\cmp105app\x64\release\bulletmanager.obj
c:\users\jamie haddow\documents\github\cgadius\cgadius 0.59\cmp105app\x64\release\vc141.pdb
c:\users\jamie haddow\documents\github\cgadius\cgadius 0.59\cmp105app\x64\release\wallmanager.obj
c:\users\jamie haddow\documents\github\cgadius\cgadius 0.59\cmp105app\x64\release\wall.obj
c:\users\jamie haddow\documents\github\cgadius\cgadius 0.59\cmp105app\x64\release\player.obj
c:\users\jamie haddow\documents\github\cgadius\cgadius 0.59\cmp105app\x64\release\main.obj
c:\users\jamie haddow\documents\github\cgadius\cgadius 0.59\cmp105app\x64\release\level.obj
c:\users\jamie haddow\documents\github\cgadius\cgadius 0.59\cmp105app\x64\release\vector.obj
c:\users\jamie haddow\documents\github\cgadius\cgadius 0.59\cmp105app\x64\release\gameobject.obj
c:\users\jamie haddow\documents\github\cgadius\cgadius 0.59\cmp105app\x64\release\input.obj
c:\users\jamie haddow\documents\github\cgadius\cgadius 0.59\cmp105app\x64\release\collision.obj
c:\users\jamie haddow\documents\github\cgadius\cgadius 0.59\cmp105app\x64\release\animation.obj
c:\users\jamie haddow\documents\github\cgadius\cgadius 0.59\cmp105app\x64\release\enemymanager.obj
c:\users\jamie haddow\documents\github\cgadius\cgadius 0.59\cmp105app\x64\release\enemy.obj
c:\users\jamie haddow\documents\github\cgadius\cgadius 0.59\cmp105app\x64\release\bulletmanager.obj
c:\users\jamie haddow\documents\github\cgadius\cgadius 0.59\cmp105app\x64\release\bullet.obj
c:\users\jamie haddow\documents\github\cgadius\cgadius 0.59\cmp105app\x64\release\asteroidmanager.obj
c:\users\jamie haddow\documents\github\cgadius\cgadius 0.59\cmp105app\x64\release\asteroid.obj
c:\users\jamie haddow\documents\github\cgadius\cgadius 0.60\cmp105app\x64\release\vc141.pdb
c:\users\jamie haddow\documents\github\cgadius\cgadius 0.60\cmp105app\x64\release\wall.obj
c:\users\jamie haddow\documents\github\cgadius\cgadius 0.60\cmp105app\x64\release\player.obj
c:\users\jamie haddow\documents\github\cgadius\cgadius 0.60\cmp105app\x64\release\menu.obj
c:\users\jamie haddow\documents\github\cgadius\cgadius 0.60\cmp105app\x64\release\main.obj
c:\users\jamie haddow\documents\github\cgadius\cgadius 0.60\cmp105app\x64\release\level.obj
c:\users\jamie haddow\documents\github\cgadius\cgadius 0.60\cmp105app\x64\release\vector.obj
c:\users\jamie haddow\documents\github\cgadius\cgadius 0.60\cmp105app\x64\release\soundobject.obj
c:\users\jamie haddow\documents\github\cgadius\cgadius 0.60\cmp105app\x64\release\musicobject.obj
c:\users\jamie haddow\documents\github\cgadius\cgadius 0.60\cmp105app\x64\release\gameobject.obj
c:\users\jamie haddow\documents\github\cgadius\cgadius 0.60\cmp105app\x64\release\input.obj
c:\users\jamie haddow\documents\github\cgadius\cgadius 0.60\cmp105app\x64\release\gamestate.obj
c:\users\jamie haddow\documents\github\cgadius\cgadius 0.60\cmp105app\x64\release\collision.obj
c:\users\jamie haddow\documents\github\cgadius\cgadius 0.60\cmp105app\x64\release\audiomanager.obj
c:\users\jamie haddow\documents\github\cgadius\cgadius 0.60\cmp105app\x64\release\animation.obj
c:\users\jamie haddow\documents\github\cgadius\cgadius 0.60\cmp105app\x64\release\enemymanager.obj
c:\users\jamie haddow\documents\github\cgadius\cgadius 0.60\cmp105app\x64\release\enemy.obj
c:\users\jamie haddow\documents\github\cgadius\cgadius 0.60\cmp105app\x64\release\bulletmanager.obj
c:\users\jamie haddow\documents\github\cgadius\cgadius 0.60\cmp105app\x64\release\bullet.obj
c:\users\jamie haddow\documents\github\cgadius\cgadius 0.60\cmp105app\x64\release\asteroidmanager.obj
c:\users\jamie haddow\documents\github\cgadius\cgadius 0.60\cmp105app\x64\release\asteroid.obj
c:\users\jamie haddow\documents\github\cgadius\cgadius 0.60\cmp105app\x64\release\wallmanager.obj
c:\users\jamie haddow\documents\visual studio 2017\projects\cmpgameweek8\x64\release\cmp105app.ipdb
c:\users\jamie haddow\documents\visual studio 2017\projects\cmpgameweek8\x64\release\cmp105app.iobj
c:\users\jamie haddow\documents\github\cgadius\cgadius 0.59\x64\release\cmp105app.ipdb
c:\users\jamie haddow\documents\github\cgadius\cgadius 0.59\x64\release\cmp105app.iobj
c:\users\jamie haddow\documents\github\cgadius\cgadius 0.60\x64\release\cmp105app.ipdb
c:\users\jamie haddow\documents\github\cgadius\cgadius 0.60\x64\release\cmp105app.iobj
c:\users\jamie haddow\documents\visual studio 2017\projects\cmpgameweek8\x64\release\cmp105app.exe
c:\users\jamie haddow\documents\visual studio 2017\projects\cmpgameweek8\x64\release\cmp105app.pdb
c:\users\jamie haddow\documents\github\cgadius\cgadius 0.59\x64\release\cmp105app.exe
c:\users\jamie haddow\documents\github\cgadius\cgadius 0.59\x64\release\cmp105app.pdb
c:\users\jamie haddow\documents\github\cgadius\cgadius 0.60\x64\release\cmp105app.exe
c:\users\jamie haddow\documents\github\cgadius\cgadius 0.60\x64\release\cmp105app.pdb
c:\users\jamie haddow\documents\github\cgadius\cgadius 0.60\cmp105app\x64\release\ball.obj
c:\users\jamie haddow\documents\github\cgadius\cgadius 0.60\cmp105app\x64\release\mysprite.obj
c:\users\jamie haddow\documents\github\cgadius\cgadius 0.60\cmp105app\x64\release\paddle.obj
c:\users\jamie haddow\documents\github\cgadius\cgadius 0.60\cmp105app\x64\release\tilemap.obj
c:\users\jamie haddow\documents\github\cgadius\cgadius 0.60\cmp105app\x64\release\cmp105app.tlog\cl.command.1.tlog
c:\users\jamie haddow\documents\github\cgadius\cgadius 0.60\cmp105app\x64\release\cmp105app.tlog\cl.read.1.tlog
c:\users\jamie haddow\documents\github\cgadius\cgadius 0.60\cmp105app\x64\release\cmp105app.tlog\cl.write.1.tlog
c:\users\jamie haddow\documents\github\cgadius\cgadius 0.60\cmp105app\x64\release\cmp105app.tlog\cmp105app.write.1u.tlog
c:\users\jamie haddow\documents\github\cgadius\cgadius 0.60\cmp105app\x64\release\cmp105app.tlog\link.command.1.tlog
c:\users\jamie haddow\documents\github\cgadius\cgadius 0.60\cmp105app\x64\release\cmp105app.tlog\link.read.1.tlog
c:\users\jamie haddow\documents\github\cgadius\cgadius 0.60\cmp105app\x64\release\cmp105app.tlog\link.write.1.tlog
